0 info it worked if it ends with ok
1 verbose cli [ '/Users/easonzhan/.nvm/versions/node/v7.5.0/bin/node',
1 verbose cli   '/Users/easonzhan/.nvm/versions/node/v7.5.0/bin/npm',
1 verbose cli   'run',
1 verbose cli   'dev' ]
2 info using npm@4.1.2
3 info using node@v7.5.0
4 verbose run-script [ 'predev', 'dev', 'postdev' ]
5 info lifecycle 03-vue-simple@1.0.0~predev: 03-vue-simple@1.0.0
6 silly lifecycle 03-vue-simple@1.0.0~predev: no script for predev, continuing
7 info lifecycle 03-vue-simple@1.0.0~dev: 03-vue-simple@1.0.0
8 verbose lifecycle 03-vue-simple@1.0.0~dev: unsafe-perm in lifecycle true
9 verbose lifecycle 03-vue-simple@1.0.0~dev: PATH: /Users/easonzhan/.nvm/versions/node/v7.5.0/lib/node_modules/npm/bin/node-gyp-bin:/Users/easonzhan/learning/git_repos/webpack-tutorial/03-vue-simple/node_modules/.bin:/Users/easonzhan/croot/root/bin:/Users/easonzhan/.nvm/versions/node/v7.5.0/bin:/Library/Frameworks/Python.framework/Versions/3.6/bin:/usr/local/bin:/usr/local/sbin:/usr/bin:/bin:/usr/sbin:/sbin:/opt/X11/bin:/usr/local/go/bin:/usr/local/mysql/bin:/Users/easonzhan/pear/bin:/Users/easonzhan/learning/scripts:/Users/easonzhan/.composer/vendor/bin:
10 verbose lifecycle 03-vue-simple@1.0.0~dev: CWD: /Users/easonzhan/learning/git_repos/webpack-tutorial/03-vue-simple
11 silly lifecycle 03-vue-simple@1.0.0~dev: Args: [ '-c',
11 silly lifecycle   'cross-env NODE_ENV=development webpack-dev-server --open --hot' ]
12 silly lifecycle 03-vue-simple@1.0.0~dev: Returned: code: 1  signal: null
13 info lifecycle 03-vue-simple@1.0.0~dev: Failed to exec dev script
14 verbose stack Error: 03-vue-simple@1.0.0 dev: `cross-env NODE_ENV=development webpack-dev-server --open --hot`
14 verbose stack Exit status 1
14 verbose stack     at EventEmitter.<anonymous> (/Users/easonzhan/.nvm/versions/node/v7.5.0/lib/node_modules/npm/lib/utils/lifecycle.js:279:16)
14 verbose stack     at emitTwo (events.js:106:13)
14 verbose stack     at EventEmitter.emit (events.js:192:7)
14 verbose stack     at ChildProcess.<anonymous> (/Users/easonzhan/.nvm/versions/node/v7.5.0/lib/node_modules/npm/lib/utils/spawn.js:40:14)
14 verbose stack     at emitTwo (events.js:106:13)
14 verbose stack     at ChildProcess.emit (events.js:192:7)
14 verbose stack     at maybeClose (internal/child_process.js:890:16)
14 verbose stack     at Process.ChildProcess._handle.onexit (internal/child_process.js:226:5)
15 verbose pkgid 03-vue-simple@1.0.0
16 verbose cwd /Users/easonzhan/learning/git_repos/webpack-tutorial/03-vue-simple
17 error Darwin 16.6.0
18 error argv "/Users/easonzhan/.nvm/versions/node/v7.5.0/bin/node" "/Users/easonzhan/.nvm/versions/node/v7.5.0/bin/npm" "run" "dev"
19 error node v7.5.0
20 error npm  v4.1.2
21 error code ELIFECYCLE
22 error 03-vue-simple@1.0.0 dev: `cross-env NODE_ENV=development webpack-dev-server --open --hot`
22 error Exit status 1
23 error Failed at the 03-vue-simple@1.0.0 dev script 'cross-env NODE_ENV=development webpack-dev-server --open --hot'.
23 error Make sure you have the latest version of node.js and npm installed.
23 error If you do, this is most likely a problem with the 03-vue-simple package,
23 error not with npm itself.
23 error Tell the author that this fails on your system:
23 error     cross-env NODE_ENV=development webpack-dev-server --open --hot
23 error You can get information on how to open an issue for this project with:
23 error     npm bugs 03-vue-simple
23 error Or if that isn't available, you can get their info via:
23 error     npm owner ls 03-vue-simple
23 error There is likely additional logging output above.
24 verbose exit [ 1, true ]
